2019-09-21 02:47:56	admin	http://127.0.0.1/procwire/class1/	Parse Error: 	syntax error, unexpected 'file' (T_STRING) (line 5 of C:\Program Files (x86)\Ampps\www\procwire\site\templates\class1.php)
2019-09-21 02:48:23	admin	http://127.0.0.1/procwire/class1/	Parse Error: 	syntax error, unexpected 'file' (T_STRING) (line 5 of C:\Program Files (x86)\Ampps\www\procwire\site\templates\class1.php)
2019-09-21 02:49:28	admin	http://127.0.0.1/procwire/class1/	Parse Error: 	syntax error, unexpected 'am' (T_STRING) (line 5 of C:\Program Files (x86)\Ampps\www\procwire\site\templates\class1.php)
2019-09-21 05:06:30	guest	http://127.0.0.1/procwire/sign_in/	Parse Error: 	syntax error, unexpected '' (T_ENCAPSED_AND_WHITESPACE), expecting identifier (T_STRING) or variable (T_VARIABLE) or number (T_NUM_STRING) (line 14 of C:\Program Files (x86)\Ampps\www\procwire\site\templates\login.php)
2019-09-21 05:06:32	guest	http://127.0.0.1/procwire/sign_in/	Parse Error: 	syntax error, unexpected '' (T_ENCAPSED_AND_WHITESPACE), expecting identifier (T_STRING) or variable (T_VARIABLE) or number (T_NUM_STRING) (line 14 of C:\Program Files (x86)\Ampps\www\procwire\site\templates\login.php)
2019-09-21 05:06:49	guest	http://127.0.0.1/procwire/sign_in/	Parse Error: 	syntax error, unexpected '' (T_ENCAPSED_AND_WHITESPACE), expecting identifier (T_STRING) or variable (T_VARIABLE) or number (T_NUM_STRING) (line 14 of C:\Program Files (x86)\Ampps\www\procwire\site\templates\login.php)
2019-09-21 05:07:16	guest	http://127.0.0.1/procwire/sign_in/	Parse Error: 	syntax error, unexpected '' (T_ENCAPSED_AND_WHITESPACE), expecting identifier (T_STRING) or variable (T_VARIABLE) or number (T_NUM_STRING) (line 14 of C:\Program Files (x86)\Ampps\www\procwire\site\templates\login.php)
2019-09-21 05:11:03	guest	http://127.0.0.1/procwire/sign_in/	Parse Error: 	syntax error, unexpected '{' (line 3 of C:\Program Files (x86)\Ampps\www\procwire\site\templates\login.php)
2019-09-21 05:11:05	guest	http://127.0.0.1/procwire/sign_in/	Parse Error: 	syntax error, unexpected '{' (line 3 of C:\Program Files (x86)\Ampps\www\procwire\site\templates\login.php)
2019-09-24 00:35:00	admin	http://127.0.0.1/procwire/sign_up/	Fatal Error: 	Call to a member function isLoggedin() on null (line 101 of C:\Program Files (x86)\Ampps\www\procwire\site\templates\_main.php)
2019-09-24 00:35:17	admin	http://127.0.0.1/procwire/sign_up/	Fatal Error: 	Call to a member function isLoggedin() on null (line 101 of C:\Program Files (x86)\Ampps\www\procwire\site\templates\_main.php)
2019-09-24 00:35:26	admin	http://127.0.0.1/procwire/sign_up/	Fatal Error: 	Call to a member function isLoggedin() on null (line 101 of C:\Program Files (x86)\Ampps\www\procwire\site\templates\_main.php)
2019-09-24 00:35:31	admin	http://127.0.0.1/procwire/sign_up/	Fatal Error: 	Call to a member function isLoggedin() on string (line 101 of C:\Program Files (x86)\Ampps\www\procwire\site\templates\_main.php)
2019-09-24 00:37:45	admin	http://127.0.0.1/procwire/sign_up/	Fatal Error: 	Call to a member function isLoggedin() on string (line 101 of C:\Program Files (x86)\Ampps\www\procwire\site\templates\_main.php)
2019-09-24 00:40:25	admin	http://127.0.0.1/procwire/sign_up/	Fatal Error: 	Call to a member function isLoggedin() on null (line 101 of C:\Program Files (x86)\Ampps\www\procwire\site\templates\_main.php)
2019-09-24 00:40:29	admin	http://127.0.0.1/procwire/sign_up/	Fatal Error: 	Call to a member function isLoggedin() on string (line 101 of C:\Program Files (x86)\Ampps\www\procwire\site\templates\_main.php)
2019-09-25 02:44:29	guest	http://127.0.0.1/procwire/sign_in/	Parse Error: 	syntax error, unexpected 'if' (T_IF) (line 6 of C:\Program Files (x86)\Ampps\www\procwire\site\assets\cache\FileCompiler\site\templates\login.php)
2019-09-25 02:44:34	guest	http://127.0.0.1/procwire/sign_in/	Parse Error: 	syntax error, unexpected 'if' (T_IF) (line 6 of C:\Program Files (x86)\Ampps\www\procwire\site\assets\cache\FileCompiler\site\templates\login.php)
2019-09-25 02:44:35	guest	http://127.0.0.1/procwire/sign_in/	Parse Error: 	syntax error, unexpected 'if' (T_IF) (line 6 of C:\Program Files (x86)\Ampps\www\procwire\site\assets\cache\FileCompiler\site\templates\login.php)
2019-09-25 02:44:37	guest	http://127.0.0.1/procwire/sign_in/	Parse Error: 	syntax error, unexpected 'if' (T_IF) (line 6 of C:\Program Files (x86)\Ampps\www\procwire\site\assets\cache\FileCompiler\site\templates\login.php)
2019-09-25 02:44:59	guest	http://127.0.0.1/procwire/sign_in/	Parse Error: 	syntax error, unexpected 'if' (T_IF) (line 6 of C:\Program Files (x86)\Ampps\www\procwire\site\assets\cache\FileCompiler\site\templates\login.php)
2019-09-25 02:45:02	guest	http://127.0.0.1/procwire/sign_in/	Parse Error: 	syntax error, unexpected 'if' (T_IF) (line 6 of C:\Program Files (x86)\Ampps\www\procwire\site\assets\cache\FileCompiler\site\templates\login.php)
2019-09-25 02:45:32	guest	http://127.0.0.1/procwire/sign_in/	Parse Error: 	syntax error, unexpected 'if' (T_IF) (line 6 of C:\Program Files (x86)\Ampps\www\procwire\site\assets\cache\FileCompiler\site\templates\login.php)
2019-09-25 02:46:31	guest	http://127.0.0.1/procwire/sign_in/	Parse Error: 	syntax error, unexpected 'if' (T_IF) (line 6 of C:\Program Files (x86)\Ampps\www\procwire\site\assets\cache\FileCompiler\site\templates\login.php)
2019-09-25 02:47:16	guest	http://127.0.0.1/procwire/sign_in/	Parse Error: 	syntax error, unexpected ':' (line 35 of C:\Program Files (x86)\Ampps\www\procwire\site\assets\cache\FileCompiler\site\templates\login.php)
2019-09-26 04:37:51	guest	http://127.0.0.1/procwire/hotel/	Parse Error: 	syntax error, unexpected '.' (line 3 of C:\Program Files (x86)\Ampps\www\procwire\site\assets\cache\FileCompiler\site\templates\hotel.php)
2019-09-26 04:38:04	guest	http://127.0.0.1/procwire/hotel/	Error: 	Exception: Invalid value sent to Page::setTemplate (in C:\Program Files (x86)\Ampps\www\procwire\wire\core\Page.php line 1878)
2019-09-26 04:38:11	guest	http://127.0.0.1/procwire/hotel/	Error: 	Exception: Invalid value sent to Page::setTemplate (in C:\Program Files (x86)\Ampps\www\procwire\wire\core\Page.php line 1878)
2019-09-26 06:44:53	guest	http://127.0.0.1/procwire/hotel/	Fatal Error: 	Call to a member function get() on null (line 6 of C:\Program Files (x86)\Ampps\www\procwire\site\assets\cache\FileCompiler\site\templates\hotel.php)
2019-09-26 06:46:56	guest	http://127.0.0.1/procwire/hotel/	Fatal Error: 	Call to a member function get() on null (line 6 of C:\Program Files (x86)\Ampps\www\procwire\site\assets\cache\FileCompiler\site\templates\hotel.php)
2019-09-26 06:50:33	guest	http://127.0.0.1/procwire/hotel/	Error: 	Exception: Can’t save page 0: /hotel1/: It has no parent assigned (in C:\Program Files (x86)\Ampps\www\procwire\wire\core\PagesEditor.php line 424)
2019-09-26 06:51:45	guest	http://127.0.0.1/procwire/hotel/	Error: 	Exception: Can’t save page 0: /untitled-0190926065145/: It has no parent assigned (in C:\Program Files (x86)\Ampps\www\procwire\wire\core\PagesEditor.php line 424)
2019-09-26 06:53:49	guest	http://127.0.0.1/procwire/hotel/	Fatal Error: 	Call to a member function get() on null (line 6 of C:\Program Files (x86)\Ampps\www\procwire\site\assets\cache\FileCompiler\site\templates\hotel.php)
2019-09-26 06:55:36	guest	http://127.0.0.1/procwire/hotel/	Error: 	Exception: Can’t save page 0: /untitled-0190926065536/: It has no parent assigned (in C:\Program Files (x86)\Ampps\www\procwire\wire\core\PagesEditor.php line 424)
2019-09-26 06:58:19	guest	http://127.0.0.1/procwire/hotel/	Fatal Error: 	Call to a member function get() on null (line 6 of C:\Program Files (x86)\Ampps\www\procwire\site\assets\cache\FileCompiler\site\templates\hotel.php)
2019-09-26 06:59:01	guest	http://127.0.0.1/procwire/hotel/	Fatal Error: 	Call to a member function get() on null (line 6 of C:\Program Files (x86)\Ampps\www\procwire\site\assets\cache\FileCompiler\site\templates\hotel.php)
2019-09-26 06:59:24	guest	http://127.0.0.1/procwire/hotel/	Fatal Error: 	Call to a member function get() on null (line 6 of C:\Program Files (x86)\Ampps\www\procwire\site\assets\cache\FileCompiler\site\templates\hotel.php)
2019-09-26 07:00:50	guest	http://127.0.0.1/procwire/hotel/	Fatal Error: 	Call to a member function get() on null (line 6 of C:\Program Files (x86)\Ampps\www\procwire\site\assets\cache\FileCompiler\site\templates\hotel.php)
2019-09-26 07:00:52	guest	http://127.0.0.1/procwire/hotel/	Fatal Error: 	Call to a member function get() on null (line 6 of C:\Program Files (x86)\Ampps\www\procwire\site\assets\cache\FileCompiler\site\templates\hotel.php)
2019-09-26 07:01:44	guest	http://127.0.0.1/procwire/hotel/	Fatal Error: 	Call to a member function get() on null (line 6 of C:\Program Files (x86)\Ampps\www\procwire\site\assets\cache\FileCompiler\site\templates\hotel.php)
2019-09-26 07:03:59	guest	http://127.0.0.1/procwire/hotel/	Fatal Error: 	Call to a member function get() on null (line 6 of C:\Program Files (x86)\Ampps\www\procwire\site\assets\cache\FileCompiler\site\templates\hotel.php)
2019-10-01 04:16:34	guest	http://127.0.0.1/procwire/hotel/	Error: 	Exception: Can’t save page 0: /hotel1/: It has no parent assigned (in C:\Program Files (x86)\Ampps\www\procwire\wire\core\PagesEditor.php line 424)
2019-10-01 04:16:51	guest	http://127.0.0.1/procwire/hotel/	Error: 	Exception: Can’t save page 0: /hotel1/: It has no parent assigned (in C:\Program Files (x86)\Ampps\www\procwire\wire\core\PagesEditor.php line 424)
2019-10-01 05:28:04	guest	http://127.0.0.1/procwire/hotel/	Error: 	Exception: Can’t save page 0: /hotel1/: It has no parent assigned (in C:\Program Files (x86)\Ampps\www\procwire\wire\core\PagesEditor.php line 424)
2019-10-01 05:28:48	guest	http://127.0.0.1/procwire/hotel/	Error: 	Exception: Unknown Selector operator: '' -- was your selector value properly escaped?  (in C:\Program Files (x86)\Ampps\www\procwire\wire\core\Selectors.php line 419)
2019-10-01 05:28:55	guest	http://127.0.0.1/procwire/hotel/	Error: 	Exception: Unknown Selector operator: '' -- was your selector value properly escaped?  (in C:\Program Files (x86)\Ampps\www\procwire\wire\core\Selectors.php line 419)
2019-10-01 05:29:17	guest	http://127.0.0.1/procwire/hotel/	Error: 	Exception: Unknown Selector operator: '' -- was your selector value properly escaped?  (in C:\Program Files (x86)\Ampps\www\procwire\wire\core\Selectors.php line 419)
2019-10-01 05:29:51	guest	http://127.0.0.1/procwire/hotel/	Error: 	Exception: Unknown Selector operator: '' -- was your selector value properly escaped?  (in C:\Program Files (x86)\Ampps\www\procwire\wire\core\Selectors.php line 419)
2019-10-01 05:30:32	guest	http://127.0.0.1/procwire/hotel/	Parse Error: 	syntax error, unexpected '$p' (T_VARIABLE), expecting ',' or ';' (line 22 of C:\Program Files (x86)\Ampps\www\procwire\site\assets\cache\FileCompiler\site\templates\hotel.php)
2019-10-01 05:34:45	guest	http://127.0.0.1/procwire/hotel/	Error: 	Exception: Unknown Selector operator: '' -- was your selector value properly escaped?  (in C:\Program Files (x86)\Ampps\www\procwire\wire\core\Selectors.php line 419)
2019-10-01 05:34:48	guest	http://127.0.0.1/procwire/hotel/	Error: 	Exception: Unknown Selector operator: '' -- was your selector value properly escaped?  (in C:\Program Files (x86)\Ampps\www\procwire\wire\core\Selectors.php line 419)
2019-10-01 05:34:50	guest	http://127.0.0.1/procwire/hotel/	Error: 	Exception: Unknown Selector operator: '' -- was your selector value properly escaped?  (in C:\Program Files (x86)\Ampps\www\procwire\wire\core\Selectors.php line 419)
2019-10-01 05:34:54	guest	http://127.0.0.1/procwire/hotel/	Error: 	Exception: Unknown Selector operator: '' -- was your selector value properly escaped?  (in C:\Program Files (x86)\Ampps\www\procwire\wire\core\Selectors.php line 419)
2019-10-01 05:45:30	guest	http://127.0.0.1/procwire/hotel/	Error: 	Exception: Invalid value sent to Page::setTemplate (in C:\Program Files (x86)\Ampps\www\procwire\wire\core\Page.php line 1878)
2019-10-01 05:45:35	guest	http://127.0.0.1/procwire/hotel/	Error: 	Exception: Invalid value sent to Page::setTemplate (in C:\Program Files (x86)\Ampps\www\procwire\wire\core\Page.php line 1878)
2019-10-01 05:45:49	guest	http://127.0.0.1/procwire/hotel/	Error: 	Exception: SQLSTATE[23000]: Integrity constraint violation: 1062 Duplicate entry 'hotel-hotel1-1024' for key 'name_parent_id' (in C:\Program Files (x86)\Ampps\www\procwire\wire\core\WireDatabasePDO.php line 480)
2019-10-01 05:48:13	guest	http://127.0.0.1/procwire/hotel/	Error: 	Exception: Invalid value sent to Page::setTemplate (in C:\Program Files (x86)\Ampps\www\procwire\wire\core\Page.php line 1878)
2019-10-01 05:48:15	guest	http://127.0.0.1/procwire/hotel/	Error: 	Exception: Invalid value sent to Page::setTemplate (in C:\Program Files (x86)\Ampps\www\procwire\wire\core\Page.php line 1878)
2019-10-01 05:48:16	guest	http://127.0.0.1/procwire/hotel/	Error: 	Exception: Invalid value sent to Page::setTemplate (in C:\Program Files (x86)\Ampps\www\procwire\wire\core\Page.php line 1878)
2019-10-01 05:48:20	guest	http://127.0.0.1/procwire/hotel/	Error: 	Exception: Invalid value sent to Page::setTemplate (in C:\Program Files (x86)\Ampps\www\procwire\wire\core\Page.php line 1878)
2019-10-01 05:50:13	guest	http://127.0.0.1/procwire/hotel/	Error: 	Exception: SQLSTATE[23000]: Integrity constraint violation: 1062 Duplicate entry 'hotel-newhotel-1024' for key 'name_parent_id' (in C:\Program Files (x86)\Ampps\www\procwire\wire\core\WireDatabasePDO.php line 480)
2019-10-01 05:50:16	guest	http://127.0.0.1/procwire/hotel/	Error: 	Exception: SQLSTATE[23000]: Integrity constraint violation: 1062 Duplicate entry 'hotel-newhotel-1024' for key 'name_parent_id' (in C:\Program Files (x86)\Ampps\www\procwire\wire\core\WireDatabasePDO.php line 480)
2019-10-01 05:51:05	guest	http://127.0.0.1/procwire/hotel/	Error: 	Exception: SQLSTATE[23000]: Integrity constraint violation: 1062 Duplicate entry 'hotel-newhotel-1024' for key 'name_parent_id' (in C:\Program Files (x86)\Ampps\www\procwire\wire\core\WireDatabasePDO.php line 480)
2019-10-01 05:51:11	guest	http://127.0.0.1/procwire/hotel/	Error: 	Exception: SQLSTATE[23000]: Integrity constraint violation: 1062 Duplicate entry 'hotel-newhotel-1024' for key 'name_parent_id' (in C:\Program Files (x86)\Ampps\www\procwire\wire\core\WireDatabasePDO.php line 480)
2019-10-01 05:51:38	guest	http://127.0.0.1/procwire/hotel/	Error: 	Exception: SQLSTATE[23000]: Integrity constraint violation: 1062 Duplicate entry 'hotel-newhotel-1024' for key 'name_parent_id' (in C:\Program Files (x86)\Ampps\www\procwire\wire\core\WireDatabasePDO.php line 480)
2019-10-01 05:51:43	guest	http://127.0.0.1/procwire/hotel/	Error: 	Exception: SQLSTATE[23000]: Integrity constraint violation: 1062 Duplicate entry 'hotel-newhotel-1024' for key 'name_parent_id' (in C:\Program Files (x86)\Ampps\www\procwire\wire\core\WireDatabasePDO.php line 480)
2019-10-01 05:52:38	guest	http://127.0.0.1/procwire/hotel/	Error: 	Exception: SQLSTATE[23000]: Integrity constraint violation: 1062 Duplicate entry 'hotel-newhotel-1024' for key 'name_parent_id' (in C:\Program Files (x86)\Ampps\www\procwire\wire\core\WireDatabasePDO.php line 480)
2019-10-01 05:52:40	guest	http://127.0.0.1/procwire/hotel/	Error: 	Exception: SQLSTATE[23000]: Integrity constraint violation: 1062 Duplicate entry 'hotel-newhotel-1024' for key 'name_parent_id' (in C:\Program Files (x86)\Ampps\www\procwire\wire\core\WireDatabasePDO.php line 480)
2019-10-01 05:52:45	guest	http://127.0.0.1/procwire/hotel/	Error: 	Exception: SQLSTATE[23000]: Integrity constraint violation: 1062 Duplicate entry 'hotel-newhotel-1024' for key 'name_parent_id' (in C:\Program Files (x86)\Ampps\www\procwire\wire\core\WireDatabasePDO.php line 480)
2019-10-01 05:52:50	guest	http://127.0.0.1/procwire/hotel/	Error: 	Exception: SQLSTATE[23000]: Integrity constraint violation: 1062 Duplicate entry 'hotel-newhotel-1024' for key 'name_parent_id' (in C:\Program Files (x86)\Ampps\www\procwire\wire\core\WireDatabasePDO.php line 480)
2019-10-01 05:52:51	guest	http://127.0.0.1/procwire/hotel/	Error: 	Exception: SQLSTATE[23000]: Integrity constraint violation: 1062 Duplicate entry 'hotel-newhotel-1024' for key 'name_parent_id' (in C:\Program Files (x86)\Ampps\www\procwire\wire\core\WireDatabasePDO.php line 480)
2019-10-01 05:52:51	guest	http://127.0.0.1/procwire/hotel/	Error: 	Exception: SQLSTATE[23000]: Integrity constraint violation: 1062 Duplicate entry 'hotel-newhotel-1024' for key 'name_parent_id' (in C:\Program Files (x86)\Ampps\www\procwire\wire\core\WireDatabasePDO.php line 480)
2019-10-01 05:52:51	guest	http://127.0.0.1/procwire/hotel/	Error: 	Exception: SQLSTATE[23000]: Integrity constraint violation: 1062 Duplicate entry 'hotel-newhotel-1024' for key 'name_parent_id' (in C:\Program Files (x86)\Ampps\www\procwire\wire\core\WireDatabasePDO.php line 480)
2019-10-01 05:53:34	guest	http://127.0.0.1/procwire/hotel/	Error: 	Exception: SQLSTATE[23000]: Integrity constraint violation: 1062 Duplicate entry 'hotel-newhotel-1024' for key 'name_parent_id' (in C:\Program Files (x86)\Ampps\www\procwire\wire\core\WireDatabasePDO.php line 480)
2019-10-01 05:55:49	guest	http://127.0.0.1/procwire/hotel/	Error: 	Exception: Invalid value sent to Page::setTemplate (in C:\Program Files (x86)\Ampps\www\procwire\wire\core\Page.php line 1878)
2019-10-01 05:56:47	guest	http://127.0.0.1/procwire/hotel/	Error: 	Exception: SQLSTATE[23000]: Integrity constraint violation: 1062 Duplicate entry 'hotel-newhotel-1024' for key 'name_parent_id' (in C:\Program Files (x86)\Ampps\www\procwire\wire\core\WireDatabasePDO.php line 480)
2019-10-01 05:58:49	guest	http://127.0.0.1/procwire/hotel/	Error: 	Exception: SQLSTATE[23000]: Integrity constraint violation: 1062 Duplicate entry 'hotel-newhotel-1024' for key 'name_parent_id' (in C:\Program Files (x86)\Ampps\www\procwire\wire\core\WireDatabasePDO.php line 480)
2019-10-01 05:58:56	guest	http://127.0.0.1/procwire/hotel/	Error: 	Exception: SQLSTATE[23000]: Integrity constraint violation: 1062 Duplicate entry 'hotel-newhotel-1024' for key 'name_parent_id' (in C:\Program Files (x86)\Ampps\www\procwire\wire\core\WireDatabasePDO.php line 480)
2019-10-01 05:59:25	guest	http://127.0.0.1/procwire/hotel/	Error: 	Exception: SQLSTATE[23000]: Integrity constraint violation: 1062 Duplicate entry 'hotel-newhotel-1024' for key 'name_parent_id' (in C:\Program Files (x86)\Ampps\www\procwire\wire\core\WireDatabasePDO.php line 480)
2019-10-01 06:00:18	guest	http://127.0.0.1/procwire/hotel/	Error: 	Exception: SQLSTATE[23000]: Integrity constraint violation: 1062 Duplicate entry 'hotel-newhotel-1024' for key 'name_parent_id' (in C:\Program Files (x86)\Ampps\www\procwire\wire\core\WireDatabasePDO.php line 480)
2019-10-01 06:00:20	guest	http://127.0.0.1/procwire/hotel/	Error: 	Exception: SQLSTATE[23000]: Integrity constraint violation: 1062 Duplicate entry 'hotel-newhotel-1024' for key 'name_parent_id' (in C:\Program Files (x86)\Ampps\www\procwire\wire\core\WireDatabasePDO.php line 480)
2019-10-01 06:01:51	guest	http://127.0.0.1/procwire/hotel/	Error: 	Exception: SQLSTATE[23000]: Integrity constraint violation: 1062 Duplicate entry 'hotel-newhotel-1024' for key 'name_parent_id' (in C:\Program Files (x86)\Ampps\www\procwire\wire\core\WireDatabasePDO.php line 480)
2019-10-01 06:01:57	guest	http://127.0.0.1/procwire/hotel/	Error: 	Exception: SQLSTATE[23000]: Integrity constraint violation: 1062 Duplicate entry 'hotel-newhotel-1024' for key 'name_parent_id' (in C:\Program Files (x86)\Ampps\www\procwire\wire\core\WireDatabasePDO.php line 480)
2019-10-01 06:02:48	guest	http://127.0.0.1/procwire/hotel/	Error: 	Exception: Invalid value sent to Page::setTemplate (in C:\Program Files (x86)\Ampps\www\procwire\wire\core\Page.php line 1878)
2019-10-01 06:02:53	guest	http://127.0.0.1/procwire/hotel/	Error: 	Exception: Invalid value sent to Page::setTemplate (in C:\Program Files (x86)\Ampps\www\procwire\wire\core\Page.php line 1878)
2019-10-01 06:13:01	guest	http://127.0.0.1/procwire/hotel/	Error: 	Exception: SQLSTATE[23000]: Integrity constraint violation: 1062 Duplicate entry 'hotel-newhotel3-1024' for key 'name_parent_id' (in C:\Program Files (x86)\Ampps\www\procwire\wire\core\WireDatabasePDO.php line 480)
2019-10-01 06:46:37	guest	http://127.0.0.1/procwire/hotel/	Fatal Error: 	Call to a member function getInputfields() on null (line 14 of C:\Program Files (x86)\Ampps\www\procwire\site\assets\cache\FileCompiler\site\templates\hotel.php)
2019-10-01 06:46:48	guest	http://127.0.0.1/procwire/hotel/	Fatal Error: 	Call to a member function getInputfields() on null (line 14 of C:\Program Files (x86)\Ampps\www\procwire\site\assets\cache\FileCompiler\site\templates\hotel.php)
2019-10-01 06:46:50	guest	http://127.0.0.1/procwire/hotel/	Fatal Error: 	Call to a member function getInputfields() on null (line 14 of C:\Program Files (x86)\Ampps\www\procwire\site\assets\cache\FileCompiler\site\templates\hotel.php)
2019-10-01 06:46:54	guest	http://127.0.0.1/procwire/hotel/	Fatal Error: 	Call to a member function getInputfields() on null (line 14 of C:\Program Files (x86)\Ampps\www\procwire\site\assets\cache\FileCompiler\site\templates\hotel.php)
2019-10-01 06:46:56	guest	http://127.0.0.1/procwire/hotel/	Fatal Error: 	Call to a member function getInputfields() on null (line 14 of C:\Program Files (x86)\Ampps\www\procwire\site\assets\cache\FileCompiler\site\templates\hotel.php)
2019-10-01 06:47:05	guest	http://127.0.0.1/procwire/hotel/	Fatal Error: 	Call to a member function getInputfields() on null (line 14 of C:\Program Files (x86)\Ampps\www\procwire\site\assets\cache\FileCompiler\site\templates\hotel.php)
2019-10-01 06:47:14	guest	http://127.0.0.1/procwire/hotel/	Fatal Error: 	Call to a member function getInputfields() on null (line 14 of C:\Program Files (x86)\Ampps\www\procwire\site\assets\cache\FileCompiler\site\templates\hotel.php)
2019-10-01 06:48:56	guest	http://127.0.0.1/procwire/hotel/	Fatal Error: 	Call to a member function getInputfields() on null (line 14 of C:\Program Files (x86)\Ampps\www\procwire\site\assets\cache\FileCompiler\site\templates\hotel.php)
2019-10-01 06:50:40	guest	http://127.0.0.1/procwire/hotel/	Fatal Error: 	Call to a member function getInputfields() on null (line 15 of C:\Program Files (x86)\Ampps\www\procwire\site\assets\cache\FileCompiler\site\templates\hotel.php)
2019-10-01 06:50:41	guest	http://127.0.0.1/procwire/hotel/	Fatal Error: 	Call to a member function getInputfields() on null (line 15 of C:\Program Files (x86)\Ampps\www\procwire\site\assets\cache\FileCompiler\site\templates\hotel.php)
2019-10-01 06:50:43	guest	http://127.0.0.1/procwire/hotel/	Fatal Error: 	Call to a member function getInputfields() on null (line 15 of C:\Program Files (x86)\Ampps\www\procwire\site\assets\cache\FileCompiler\site\templates\hotel.php)
2019-10-01 06:50:46	guest	http://127.0.0.1/procwire/hotel/	Fatal Error: 	Call to a member function getInputfields() on null (line 15 of C:\Program Files (x86)\Ampps\www\procwire\site\assets\cache\FileCompiler\site\templates\hotel.php)
2019-10-01 06:53:11	guest	http://127.0.0.1/procwire/hotel/	Fatal Error: 	Call to a member function getInputfields() on null (line 40 of C:\Program Files (x86)\Ampps\www\procwire\site\assets\cache\FileCompiler\site\templates\hotel.php)
2019-10-01 06:53:14	guest	http://127.0.0.1/procwire/hotel/	Fatal Error: 	Call to a member function getInputfields() on null (line 40 of C:\Program Files (x86)\Ampps\www\procwire\site\assets\cache\FileCompiler\site\templates\hotel.php)
2019-10-01 07:08:24	guest	http://127.0.0.1/procwire/hotel/	Error: 	Exception: SQLSTATE[23000]: Integrity constraint violation: 1062 Duplicate entry 'hotel-newhotel5-1024' for key 'name_parent_id' (in C:\Program Files (x86)\Ampps\www\procwire\wire\core\WireDatabasePDO.php line 480)
2019-10-03 03:37:13	guest	http://127.0.0.1/procwire/hotel/	Error: 	Exception: SQLSTATE[23000]: Integrity constraint violation: 1062 Duplicate entry 'hotel-myhotel6-1024' for key 'name_parent_id' (in C:\Program Files (x86)\Ampps\www\procwire\wire\core\WireDatabasePDO.php line 480)
2019-10-03 03:37:19	guest	http://127.0.0.1/procwire/hotel/	Error: 	Exception: SQLSTATE[23000]: Integrity constraint violation: 1062 Duplicate entry 'hotel-myhotel6-1024' for key 'name_parent_id' (in C:\Program Files (x86)\Ampps\www\procwire\wire\core\WireDatabasePDO.php line 480)
